app/build/intermediates/manifest_merge_blame_file/release/processReleaseMainManifest/manifest-merger-blame-release-report.txt
1<?xml version="1.0" encoding="utf-8"?>
2<manifest xmlns:android="http://schemas.android.com/apk/res/android"
3    package="com.zuan.kernelmanager"
4    android:versionCode="10000"
5    android:versionName="1.0.0" >
6
7    <uses-sdk
8        android:minSdkVersion="24"
9        android:targetSdkVersion="34" />
10
11    <uses-permission android:name="android.permission.INTERNET" />
11-->src/main/AndroidManifest.xml:5:5-67
11-->src/main/AndroidManifest.xml:5:22-64
12    <uses-permission android:name="android.permission.POST_NOTIFICATIONS" />
12-->src/main/AndroidManifest.xml:7:5-77
12-->src/main/AndroidManifest.xml:7:22-74
13    <uses-permission android:name="android.permission.SYSTEM_ALERT_WINDOW" />
13-->src/main/AndroidManifest.xml:9:5-78
13-->src/main/AndroidManifest.xml:9:22-75
14    <uses-permission android:name="android.permission.FOREGROUND_SERVICE" />
14-->src/main/AndroidManifest.xml:10:5-77
14-->src/main/AndroidManifest.xml:10:22-74
15    <uses-permission android:name="android.permission.FOREGROUND_SERVICE_SPECIAL_USE" />
15-->src/main/AndroidManifest.xml:11:5-89
15-->src/main/AndroidManifest.xml:11:22-86
16    <uses-permission android:name="android.permission.ACCESS_NOTIFICATION_POLICY" />
16-->src/main/AndroidManifest.xml:12:5-85
16-->src/main/AndroidManifest.xml:12:22-82
17    <uses-permission android:name="android.permission.GET_PACKAGE_SIZE" />
17-->[logger-runtime.aar] AndroidManifest.xml:7:5-75
17-->[logger-runtime.aar] AndroidManifest.xml:7:22-72
18    <uses-permission android:name="android.permission.QUERY_ALL_PACKAGES" />
18-->[logger-runtime.aar] AndroidManifest.xml:8:5-77
18-->[logger-runtime.aar] AndroidManifest.xml:8:22-74
19
20    <queries>
20-->[logger-runtime.aar] AndroidManifest.xml:10:5-12:15
21        <package android:name="io.github.mohammedbaqernull.logger" />
21-->[logger-runtime.aar] AndroidManifest.xml:11:9-70
21-->[logger-runtime.aar] AndroidManifest.xml:11:18-67
22    </queries>
23
24    <permission
24-->[androidx.core:core:1.17.0] AndroidManifest.xml:22:5-24:47
25        android:name="com.zuan.kernelmanager.DYNAMIC_RECEIVER_NOT_EXPORTED_PERMISSION"
25-->[androidx.core:core:1.17.0] AndroidManifest.xml:23:9-81
26        android:protectionLevel="signature" />
26-->[androidx.core:core:1.17.0] AndroidManifest.xml:24:9-44
27
28    <uses-permission android:name="com.zuan.kernelmanager.DYNAMIC_RECEIVER_NOT_EXPORTED_PERMISSION" />
28-->[androidx.core:core:1.17.0] AndroidManifest.xml:26:5-97
28-->[androidx.core:core:1.17.0] AndroidManifest.xml:26:22-94
29    <uses-permission android:name="moe.shizuku.manager.permission.API_V23" />
29-->[dev.rikka.shizuku:provider:13.1.5] AndroidManifest.xml:8:5-78
29-->[dev.rikka.shizuku:provider:13.1.5] AndroidManifest.xml:8:22-75
30
31    <application
31-->src/main/AndroidManifest.xml:14:5-64:19
32        android:appComponentFactory="androidx.core.app.CoreComponentFactory"
32-->[androidx.core:core:1.17.0] AndroidManifest.xml:28:18-86
33        android:enableOnBackInvokedCallback="true"
33-->src/main/AndroidManifest.xml:19:6-48
34        android:extractNativeLibs="false"
35        android:icon="@mipmap/ic_launcher"
35-->src/main/AndroidManifest.xml:15:9-43
36        android:label="@string/app_name"
36-->src/main/AndroidManifest.xml:16:9-41
37        android:supportsRtl="true"
37-->src/main/AndroidManifest.xml:17:9-35
38        android:theme="@style/ZuanTheme"
38-->src/main/AndroidManifest.xml:20:9-41
39        android:windowSoftInputMode="adjustResize" >
39-->src/main/AndroidManifest.xml:18:6-48
40        <provider
41            android:name="rikka.shizuku.ShizukuProvider"
41-->src/main/AndroidManifest.xml:23:13-57
42            android:authorities="com.zuan.kernelmanager.shizuku"
42-->src/main/AndroidManifest.xml:24:13-59
43            android:enabled="true"
43-->src/main/AndroidManifest.xml:26:13-35
44            android:exported="true"
44-->src/main/AndroidManifest.xml:27:13-36
45            android:multiprocess="false"
45-->src/main/AndroidManifest.xml:25:13-41
46            android:permission="android.permission.INTERACT_ACROSS_USERS_FULL" />
46-->src/main/AndroidManifest.xml:28:13-79
47
48        <activity
48-->src/main/AndroidManifest.xml:30:9-38:20
49            android:name="com.zuan.kernelmanager.ui.MainActivity"
49-->src/main/AndroidManifest.xml:31:10-41
50            android:exported="true"
50-->src/main/AndroidManifest.xml:32:13-36
51            android:theme="@style/Theme.ZuanTheme.SplashScreen" >
51-->src/main/AndroidManifest.xml:33:10-61
52            <intent-filter>
52-->src/main/AndroidManifest.xml:34:13-37:29
53                <action android:name="android.intent.action.MAIN" />
53-->src/main/AndroidManifest.xml:35:17-69
53-->src/main/AndroidManifest.xml:35:25-66
54
55                <category android:name="android.intent.category.LAUNCHER" />
55-->src/main/AndroidManifest.xml:36:17-77
55-->src/main/AndroidManifest.xml:36:27-74
56            </intent-filter>
57        </activity>
58        <activity
58-->src/main/AndroidManifest.xml:40:6-42:37
59            android:name="com.zuan.kernelmanager.ui.settings.SettingsActivity"
59-->src/main/AndroidManifest.xml:41:10-54
60            android:exported="false" />
60-->src/main/AndroidManifest.xml:42:10-34
61        <activity
61-->src/main/AndroidManifest.xml:43:6-45:40
62            android:name="com.zuan.kernelmanager.ui.about.AboutActivity"
62-->src/main/AndroidManifest.xml:44:13-51
63            android:exported="false" />
63-->src/main/AndroidManifest.xml:45:13-37
64
65        <service
65-->src/main/AndroidManifest.xml:47:9-51:58
66            android:name="com.zuan.kernelmanager.services.FpsOverlayService"
66-->src/main/AndroidManifest.xml:48:13-55
67            android:enabled="true"
67-->src/main/AndroidManifest.xml:49:13-35
68            android:exported="false"
68-->src/main/AndroidManifest.xml:50:13-37
69            android:foregroundServiceType="specialUse" />
69-->src/main/AndroidManifest.xml:51:13-55
70        <service
70-->src/main/AndroidManifest.xml:53:9-57:58
71            android:name="com.zuan.kernelmanager.service.SmartCutoffService"
71-->src/main/AndroidManifest.xml:54:13-55
72            android:enabled="true"
72-->src/main/AndroidManifest.xml:55:13-35
73            android:exported="false"
73-->src/main/AndroidManifest.xml:56:13-37
74            android:foregroundServiceType="specialUse" />
74-->src/main/AndroidManifest.xml:57:13-55
75        <service
75-->src/main/AndroidManifest.xml:59:9-62:40
76            android:name="com.zuan.kernelmanager.service.BatteryMonitorService"
76-->src/main/AndroidManifest.xml:60:13-58
77            android:exported="false"
77-->src/main/AndroidManifest.xml:62:13-37
78            android:foregroundServiceType="specialUse" />
78-->src/main/AndroidManifest.xml:61:13-55
79
80        <provider
80-->[logger-runtime.aar] AndroidManifest.xml:15:9-18:39
81            android:name="io.github.mohammedbaqernull.logger.logwire.LogWireInitializer"
81-->[logger-runtime.aar] AndroidManifest.xml:16:13-89
82            android:authorities="com.zuan.kernelmanager.logwire.initializer"
82-->[logger-runtime.aar] AndroidManifest.xml:17:13-71
83            android:exported="true" />
83-->[logger-runtime.aar] AndroidManifest.xml:18:13-36
84        <provider
84-->[org.jetbrains.compose.components:components-resources-android:1.9.0] AndroidManifest.xml:8:9-13:20
85            android:name="org.jetbrains.compose.resources.AndroidContextProvider"
85-->[org.jetbrains.compose.components:components-resources-android:1.9.0] AndroidManifest.xml:9:13-82
86            android:authorities="com.zuan.kernelmanager.resources.AndroidContextProvider"
86-->[org.jetbrains.compose.components:components-resources-android:1.9.0] AndroidManifest.xml:10:13-84
87            android:enabled="true"
87-->[org.jetbrains.compose.components:components-resources-android:1.9.0] AndroidManifest.xml:11:13-35
88            android:exported="false" >
88-->[org.jetbrains.compose.components:components-resources-android:1.9.0] AndroidManifest.xml:12:13-37
89        </provider>
90
91        <activity
91-->[androidx.compose.ui:ui-tooling-android:1.10.0-beta02] AndroidManifest.xml:23:9-25:39
92            android:name="androidx.compose.ui.tooling.PreviewActivity"
92-->[androidx.compose.ui:ui-tooling-android:1.10.0-beta02] AndroidManifest.xml:24:13-71
93            android:exported="true" />
93-->[androidx.compose.ui:ui-tooling-android:1.10.0-beta02] AndroidManifest.xml:25:13-36
94
95        <uses-library
95-->[androidx.window:window:1.5.0] AndroidManifest.xml:23:9-25:40
96            android:name="androidx.window.extensions"
96-->[androidx.window:window:1.5.0] AndroidManifest.xml:24:13-54
97            android:required="false" />
97-->[androidx.window:window:1.5.0] AndroidManifest.xml:25:13-37
98        <uses-library
98-->[androidx.window:window:1.5.0] AndroidManifest.xml:26:9-28:40
99            android:name="androidx.window.sidecar"
99-->[androidx.window:window:1.5.0] AndroidManifest.xml:27:13-51
100            android:required="false" />
100-->[androidx.window:window:1.5.0] AndroidManifest.xml:28:13-37
101
102        <provider
102-->[androidx.emoji2:emoji2:1.4.0] AndroidManifest.xml:24:9-32:20
103            android:name="androidx.startup.InitializationProvider"
103-->[androidx.emoji2:emoji2:1.4.0] AndroidManifest.xml:25:13-67
104            android:authorities="com.zuan.kernelmanager.androidx-startup"
104-->[androidx.emoji2:emoji2:1.4.0] AndroidManifest.xml:26:13-68
105            android:exported="false" >
105-->[androidx.emoji2:emoji2:1.4.0] AndroidManifest.xml:27:13-37
106            <meta-data
106-->[androidx.emoji2:emoji2:1.4.0] AndroidManifest.xml:29:13-31:52
107                android:name="androidx.emoji2.text.EmojiCompatInitializer"
107-->[androidx.emoji2:emoji2:1.4.0] AndroidManifest.xml:30:17-75
108                android:value="androidx.startup" />
108-->[androidx.emoji2:emoji2:1.4.0] AndroidManifest.xml:31:17-49
109            <meta-data
109-->[androidx.lifecycle:lifecycle-process:2.10.0] AndroidManifest.xml:29:13-31:52
110                android:name="androidx.lifecycle.ProcessLifecycleInitializer"
110-->[androidx.lifecycle:lifecycle-process:2.10.0] AndroidManifest.xml:30:17-78
111                android:value="androidx.startup" />
111-->[androidx.lifecycle:lifecycle-process:2.10.0] AndroidManifest.xml:31:17-49
112            <meta-data
112-->[androidx.profileinstaller:profileinstaller:1.4.1] AndroidManifest.xml:29:13-31:52
113                android:name="androidx.profileinstaller.ProfileInstallerInitializer"
113-->[androidx.profileinstaller:profileinstaller:1.4.1] AndroidManifest.xml:30:17-85
114                android:value="androidx.startup" />
114-->[androidx.profileinstaller:profileinstaller:1.4.1] AndroidManifest.xml:31:17-49
115        </provider>
116
117        <meta-data
117-->[dev.rikka.shizuku:provider:13.1.5] AndroidManifest.xml:11:9-13:36
118            android:name="moe.shizuku.client.V3_SUPPORT"
118-->[dev.rikka.shizuku:provider:13.1.5] AndroidManifest.xml:12:13-57
119            android:value="true" />
119-->[dev.rikka.shizuku:provider:13.1.5] AndroidManifest.xml:13:13-33
120
121        <receiver
121-->[androidx.profileinstaller:profileinstaller:1.4.1] AndroidManifest.xml:34:9-52:20
122            android:name="androidx.profileinstaller.ProfileInstallReceiver"
122-->[androidx.profileinstaller:profileinstaller:1.4.1] AndroidManifest.xml:35:13-76
123            android:directBootAware="false"
123-->[androidx.profileinstaller:profileinstaller:1.4.1] AndroidManifest.xml:36:13-44
124            android:enabled="true"
124-->[androidx.profileinstaller:profileinstaller:1.4.1] AndroidManifest.xml:37:13-35
125            android:exported="true"
125-->[androidx.profileinstaller:profileinstaller:1.4.1] AndroidManifest.xml:38:13-36
126            android:permission="android.permission.DUMP" >
126-->[androidx.profileinstaller:profileinstaller:1.4.1] AndroidManifest.xml:39:13-57
127            <intent-filter>
127-->[androidx.profileinstaller:profileinstaller:1.4.1] AndroidManifest.xml:40:13-42:29
128                <action android:name="androidx.profileinstaller.action.INSTALL_PROFILE" />
128-->[androidx.profileinstaller:profileinstaller:1.4.1] AndroidManifest.xml:41:17-91
128-->[androidx.profileinstaller:profileinstaller:1.4.1] AndroidManifest.xml:41:25-88
129            </intent-filter>
130            <intent-filter>
130-->[androidx.profileinstaller:profileinstaller:1.4.1] AndroidManifest.xml:43:13-45:29
131                <action android:name="androidx.profileinstaller.action.SKIP_FILE" />
131-->[androidx.profileinstaller:profileinstaller:1.4.1] AndroidManifest.xml:44:17-85
131-->[androidx.profileinstaller:profileinstaller:1.4.1] AndroidManifest.xml:44:25-82
132            </intent-filter>
133            <intent-filter>
133-->[androidx.profileinstaller:profileinstaller:1.4.1] AndroidManifest.xml:46:13-48:29
134                <action android:name="androidx.profileinstaller.action.SAVE_PROFILE" />
134-->[androidx.profileinstaller:profileinstaller:1.4.1] AndroidManifest.xml:47:17-88
134-->[androidx.profileinstaller:profileinstaller:1.4.1] AndroidManifest.xml:47:25-85
135            </intent-filter>
136            <intent-filter>
136-->[androidx.profileinstaller:profileinstaller:1.4.1] AndroidManifest.xml:49:13-51:29
137                <action android:name="androidx.profileinstaller.action.BENCHMARK_OPERATION" />
137-->[androidx.profileinstaller:profileinstaller:1.4.1] AndroidManifest.xml:50:17-95
137-->[androidx.profileinstaller:profileinstaller:1.4.1] AndroidManifest.xml:50:25-92
138            </intent-filter>
139        </receiver>
140    </application>
141
142</manifest>